<?xml version="1.0" encoding="UTF-8"?>
<!-- Generated by org.testng.reporters.JUnitReportReporter -->
<testsuite hostname="hp" failures="0" tests="1" name="Test1_Classes.Test1_Class" time="20.707" errors="0" timestamp="2023-01-10T15:23:38 IST" skipped="0">
  <testcase classname="Test1_Classes.Test1_Class" name="verifyUsername" time="20.707"/>
  <system-out/>
</testsuite> <!-- Test1_Classes.Test1_Class -->
